<?xml version="1.0" encoding="UTF-8"?>
<testsuite xmlns:xsi="http://www.w3.org/2001/XMLSchema-instance" xsi:noNamespaceSchemaLocation="https://maven.apache.org/surefire/maven-surefire-plugin/xsd/surefire-test-report.xsd" version="3.0.1" name="com.example.secureportal.util.PasswordUtilsTest" time="1.095" tests="3" errors="0" skipped="0" failures="0">
  <properties>
[...]
</properties>
  <testcase name="testHashAndVerifyPassword" classname="com.example.secureportal.util.PasswordUtilsTest" time="0.548"/>
  <testcase name="testNullOrLongPasswordThrows" classname="com.example.secureportal.util.PasswordUtilsTest" time="0.001"/>
  <testcase name="testWrongPasswordFails" classname="com.example.secureportal.util.PasswordUtilsTest" time="0.545"/>
</testsuite>